<?xml version="1.0" encoding="UTF-8"?>
<!-- Generated by org.testng.reporters.JUnitReportReporter -->
<testsuite hostname="DESKTOP-D0ODKLV" failures="0" tests="1" name="EPack.Demo" time="17.181" errors="0" timestamp="2019-12-23T15:34:20 IST" skipped="0">
  <testcase classname="EPack.Demo" name="testOmayo" time="17.181"/>
</testsuite> <!-- EPack.Demo -->
